<?xml version="1.0" encoding="UTF-8"?>
<testng-results ignored="0" total="1" passed="1" failed="0" skipped="0">
  <reporter-output>
  </reporter-output>
  <suite started-at="2023-11-18T13:45:23 ICT" name="Default suite" finished-at="2023-11-18T13:45:23 ICT" duration-ms="67">
    <groups>
    </groups>
    <test started-at="2023-11-18T13:45:23 ICT" name="Default test" finished-at="2023-11-18T13:45:23 ICT" duration-ms="67">
      <class name="OKe.NewTest">
        <test-method signature="f()[pri:0, instance:OKe.NewTest@7f0eb4b4]" started-at="2023-11-18T13:45:23 ICT" name="f" finished-at="2023-11-18T13:45:23 ICT" duration-ms="18" status="PASS">
          <reporter-output>
          </reporter-output>
        </test-method> <!-- f -->
      </class> <!-- OKe.NewTest -->
    </test> <!-- Default test -->
  </suite> <!-- Default suite -->
</testng-results>
